<?xml version="1.0" encoding="UTF-8"?>
<!-- Generated by org.testng.reporters.JUnitReportReporter -->
<testsuite skipped="0" hostname="ucreate-26-PC" name="clientshare.Post_Feed" tests="1" failures="0" timestamp="12 Jul 2019 06:48:59 GMT" time="58.301" errors="0">
  <testcase name="add_post_without_attachment" time="58.301" classname="clientshare.Post_Feed"/>
</testsuite> <!-- clientshare.Post_Feed -->
