<?xml version="1.0" encoding="UTF-8"?>
<!-- Generated by org.testng.reporters.JUnitReportReporter -->
<testsuite skipped="0" hostname="ucreate-26-PC" name="clientshare.login" tests="1" failures="0" timestamp="31 May 2019 09:11:13 GMT" time="30.279" errors="0">
  <testcase name="cancel_option" time="30.279" classname="clientshare.login"/>
</testsuite> <!-- clientshare.login -->
