<?xml version="1.0" encoding="UTF-8"?>
<!-- Generated by org.testng.reporters.JUnitReportReporter -->
<testsuite skipped="0" hostname="ucreate-26-PC" name="clientshare.Post_Feed" tests="2" failures="0" timestamp="10 Jul 2019 11:06:46 GMT" time="44.365" errors="0">
  <testcase name="Check_post_option_is_availble" time="18.916" classname="clientshare.Post_Feed"/>
  <testcase name="Click_on_post_option" time="25.449" classname="clientshare.Post_Feed"/>
</testsuite> <!-- clientshare.Post_Feed -->
