<?xml version="1.0" encoding="UTF-8"?>
<!-- Generated by org.testng.reporters.JUnitReportReporter -->
<testsuite skipped="0" hostname="ucreate-26-PC" name="clientshare.Post_Feed" tests="1" failures="0" timestamp="19 Aug 2019 12:17:36 GMT" time="50.053" errors="0">
  <testcase name="add_comment" time="50.053" classname="clientshare.Post_Feed"/>
</testsuite> <!-- clientshare.Post_Feed -->
