<?xml version="1.0" encoding="UTF-8"?>
<!-- Generated by org.testng.reporters.JUnitReportReporter -->
<testsuite skipped="0" hostname="ucreate-26-PC" name="clientshare.Groups" tests="1" failures="0" timestamp="28 Jun 2019 11:32:54 GMT" time="87.405" errors="0">
  <testcase name="group_with_same_name" time="87.405" classname="clientshare.Groups"/>
</testsuite> <!-- clientshare.Groups -->
