<?xml version="1.0" encoding="UTF-8"?>
<!-- Generated by org.testng.reporters.JUnitReportReporter -->
<testsuite skipped="0" hostname="ucreate-26-PC" name="clientshare.Post_Feed" tests="1" failures="0" timestamp="10 Jul 2019 12:12:12 GMT" time="30.689" errors="0">
  <testcase name="select_group" time="30.689" classname="clientshare.Post_Feed"/>
</testsuite> <!-- clientshare.Post_Feed -->
