<?xml version="1.0" encoding="UTF-8"?>
<!-- Generated by org.testng.reporters.JUnitReportReporter -->
<testsuite skipped="0" hostname="ucreate-26-PC" name="clientshare.Post_Feed" tests="1" failures="0" timestamp="19 Jul 2019 09:20:43 GMT" time="106.302" errors="0">
  <testcase name="add_attachments" time="106.302" classname="clientshare.Post_Feed"/>
</testsuite> <!-- clientshare.Post_Feed -->
