<?xml version="1.0" encoding="UTF-8"?>
<!-- Generated by org.testng.reporters.JUnitReportReporter -->
<testsuite skipped="0" hostname="ucreate-26-PC" name="clientshare.Post_Feed" tests="1" failures="0" timestamp="05 Aug 2019 07:20:10 GMT" time="27.629" errors="0">
  <testcase name="Like_post" time="27.629" classname="clientshare.Post_Feed"/>
</testsuite> <!-- clientshare.Post_Feed -->
