<?xml version="1.0" encoding="UTF-8"?>
<!-- Generated by org.testng.reporters.JUnitReportReporter -->
<testsuite skipped="0" hostname="ucreate-26-PC" name="clientshare.Groups" tests="1" failures="0" timestamp="22 May 2019 10:11:15 GMT" time="27.817" errors="0">
  <testcase name="Edit_group_information" time="27.817" classname="clientshare.Groups"/>
</testsuite> <!-- clientshare.Groups -->
